{"level":"info","message":"GET / - 15","label":"server/common.js","timestamp":"2018-03-24T10:45:14.571Z"}
{"level":"info","message":"GET /styles/style.css - 4","label":"server/common.js","timestamp":"2018-03-24T10:45:14.602Z"}
{"level":"info","message":"GET /scripts/script.js - 6","label":"server/common.js","timestamp":"2018-03-24T10:45:14.605Z"}
{"level":"info","message":"GET /images/favicon.ico - 1","label":"server/common.js","timestamp":"2018-03-24T10:45:14.861Z"}
{"level":"info","message":"GET /scripts/script.js - 1","label":"server/common.js","timestamp":"2018-03-24T10:45:19.733Z"}
{"level":"info","message":"GET / - 5","label":"server/common.js","timestamp":"2018-03-24T12:20:58.657Z"}
{"level":"info","message":"GET /bundle.js - 1","label":"server/common.js","timestamp":"2018-03-24T12:20:58.681Z"}
{"level":"info","message":"GET /images/favicon.ico - 1","label":"server/common.js","timestamp":"2018-03-24T12:20:58.991Z"}
{"level":"info","message":"GET / - 6","label":"server/common.js","timestamp":"2018-03-24T12:24:31.023Z"}
{"level":"info","message":"GET /bundle.js - 1","label":"server/common.js","timestamp":"2018-03-24T12:24:31.060Z"}
{"level":"info","message":"GET / - 6","label":"server/common.js","timestamp":"2018-03-24T12:34:05.988Z"}
{"level":"info","message":"GET /bundle.js - 2","label":"server/common.js","timestamp":"2018-03-24T12:34:06.031Z"}
{"level":"info","message":"GET /bundle.js - 1","label":"server/common.js","timestamp":"2018-03-24T12:34:11.151Z"}
{"level":"info","message":"GET / - 9","label":"server/common.js","timestamp":"2018-03-24T12:34:54.421Z"}
{"level":"info","message":"GET /bundle.js - 1","label":"server/common.js","timestamp":"2018-03-24T12:34:54.450Z"}
{"level":"info","message":"GET / - 6","label":"server/common.js","timestamp":"2018-03-24T12:35:40.065Z"}
{"level":"info","message":"GET /bundle.js - 1","label":"server/common.js","timestamp":"2018-03-24T12:35:40.117Z"}
{"level":"info","message":"GET / - 6","label":"server/common.js","timestamp":"2018-03-24T12:40:19.167Z"}
{"level":"info","message":"GET /bundle.js - 0","label":"server/common.js","timestamp":"2018-03-24T12:40:19.192Z"}
{"level":"info","message":"GET / - 6","label":"server/common.js","timestamp":"2018-03-24T12:40:39.028Z"}
{"level":"info","message":"GET /bundle.js - 1","label":"server/common.js","timestamp":"2018-03-24T12:40:39.067Z"}
{"level":"info","message":"POST / - 80","label":"server/common.js","timestamp":"2018-03-24T12:40:41.077Z"}
{"level":"info","message":"GET /bundle.js - 1","label":"server/common.js","timestamp":"2018-03-24T12:40:44.206Z"}
{"level":"info","message":"GET /ready/1521895240998.jpg - 6","label":"server/common.js","timestamp":"2018-03-24T12:46:12.982Z"}
{"level":"info","message":"GET /favicon.ico - 0","label":"server/common.js","timestamp":"2018-03-24T12:46:13.345Z"}
{"level":"info","message":"GET /server/ready/1521895240998.jpg - 2","label":"server/common.js","timestamp":"2018-03-24T12:48:02.182Z"}
{"level":"info","message":"GET /ready/1521895240998.jpg - 0","label":"server/common.js","timestamp":"2018-03-24T12:49:20.956Z"}
{"level":"info","message":"GET / - 2","label":"server/common.js","timestamp":"2018-03-24T12:56:08.819Z"}
{"level":"info","message":"GET /bundle.js - 0","label":"server/common.js","timestamp":"2018-03-24T12:56:08.864Z"}
{"level":"info","message":"GET /bundle.js - 1","label":"server/common.js","timestamp":"2018-03-24T12:56:14.252Z"}
{"level":"info","message":"GET /server/ready/1521895240998.jpg - 2","label":"server/common.js","timestamp":"2018-03-24T12:59:22.589Z"}
{"level":"info","message":"GET / - 6","label":"server/common.js","timestamp":"2018-03-24T14:00:36.684Z"}
{"level":"info","message":"GET /bundle.js - 0","label":"server/common.js","timestamp":"2018-03-24T14:00:36.707Z"}
{"level":"info","message":"GET /bundle.js - 1","label":"server/common.js","timestamp":"2018-03-24T14:00:42.075Z"}
